<?xml version="1.0" encoding="UTF-8"?>
<!-- Generated by org.testng.reporters.JUnitReportReporter -->
<testsuite hostname="DESKTOP-6599RHT" failures="0" tests="1" name="testrunner.Runner" time="44.123" errors="0" timestamp="2024-12-01T16:44:36 IST" skipped="0">
  <testcase classname="testrunner.Runner" name="runScenario" time="44.123"/>
</testsuite> <!-- testrunner.Runner -->
